C51 COMPILER V9.60.7.0   MATRIXKEY                                                         07/25/2023 10:35:23 PAGE 1   


C51 COMPILER V9.60.7.0, COMPILATION OF MODULE MATRIXKEY
OBJECT MODULE PLACED IN matrixkey.OBJ
COMPILER INVOKED BY: D:\install\Keil\C51\BIN\C51.EXE matrixkey.c OPTIMIZE(8,SPEED) BROWSE DEBUG OBJECTEXTEND TABS(2)

line level    source

   1          #include <REGX52.H>
   2          #include "matrixkey.h"
   3          #define KEY_MATRIX_PORT P1
   4          
   5          sbit sp1=P1^4;
   6          sbit sp2=P1^5;
   7          sbit sp3=P1^6;
   8          sbit sp4=P1^7;
   9          
  10          unsigned char GetKey()
  11          {  
  12   1            int i;
  13   1            static int ret=100;
  14   1            for(i=0;i<4;i++)
  15   1            {
  16   2              switch(i)
  17   2              {
  18   3                case 0:KEY_MATRIX_PORT=0xFE;break;
  19   3                case 1:KEY_MATRIX_PORT=0xFD;break;
  20   3                case 2:KEY_MATRIX_PORT=0xFB;break;
  21   3                case 3:KEY_MATRIX_PORT=0xF7;break;
  22   3              }
  23   2              
  24   2              if(sp1==0){
  25   3                delayms(20);
  26   3                while(sp1==0);
  27   3                delayms(20);
  28   3                ret=(4-i)*10+4;         
  29   3                break;
  30   3              }
  31   2              if(sp2==0){
  32   3                delayms(20);
  33   3                while(sp2==0);
  34   3                delayms(20);
  35   3                ret=(4-i)*10+3; 
  36   3                break;
  37   3              }
  38   2              if(sp3==0){
  39   3                delayms(20);
  40   3                while(sp3==0);
  41   3                delayms(20);
  42   3                ret=(4-i)*10+2;
  43   3                break;
  44   3              }
  45   2              if(sp4==0){
  46   3                delayms(20);
  47   3                while(sp4==0);
  48   3                delayms(20);
  49   3                ret=(4-i)*10+1;
  50   3                break;
  51   3              }
  52   2                  
  53   2            }
  54   1            
  55   1            return ret;
C51 COMPILER V9.60.7.0   MATRIXKEY                                                         07/25/2023 10:35:23 PAGE 2   

  56   1      }


MODULE INFORMATION:   STATIC OVERLAYABLE
   CODE SIZE        =    221    ----
   CONSTANT SIZE    =   ----    ----
   XDATA SIZE       =   ----    ----
   PDATA SIZE       =   ----    ----
   DATA SIZE        =      2       2
   IDATA SIZE       =   ----    ----
   BIT SIZE         =   ----    ----
END OF MODULE INFORMATION.


C51 COMPILATION COMPLETE.  0 WARNING(S),  0 ERROR(S)
